<?xml version="1.0" encoding="UTF-8"?>
<!-- Generated by org.testng.reporters.JUnitReportReporter -->
<testsuite hostname="ManuelRiguezMBP" failures="0" tests="1" name="loginTests.LoginTest" time="1.243" errors="0" timestamp="2020-05-29T18:43:26 CST" skipped="0">
  <testcase classname="loginTests.LoginTest" name="validLogin" time="1.243"/>
  <system-out/>
</testsuite> <!-- loginTests.LoginTest -->
