<?xml version="1.0" encoding="UTF-8"?>
<!-- Generated by org.testng.reporters.JUnitReportReporter -->
<testsuite hostname="Manuel-Rodriguez-MacBook-Pro.local" failures="0" tests="6" name="loginTests.LoginTest" time="45.360" errors="0" timestamp="2021-02-19T16:40:33 CST" skipped="0">
  <testcase classname="loginTests.LoginTest" name="verifyLoginUI" time="6.924"/>
  <system-out/>
  <testcase classname="loginTests.LoginTest" name="verifyEmptyUserNameErrorMessage" time="7.163"/>
  <system-out/>
  <testcase classname="loginTests.LoginTest" name="validLogin" time="7.726"/>
  <system-out/>
  <testcase classname="loginTests.LoginTest" name="verifyInvalidLoginErrorMessage" time="7.060"/>
  <system-out/>
  <testcase classname="loginTests.LoginTest" name="verifyEmptyPasswordErrorMessage" time="7.027"/>
  <system-out/>
  <testcase classname="loginTests.LoginTest" name="logout" time="9.460"/>
  <system-out/>
</testsuite> <!-- loginTests.LoginTest -->
